2026-03-26 07:27:33,751 INFO Worker started  job_id=optimization_d0.80_w230
2026-03-26 07:27:33,761 ERROR Worker failed
Traceback (most recent call last):
  File "/Users/federicadomecq/gitrepos/golfOnPar/Parallelisation/hpc_runner.py", line 299, in worker_fn
    data   = _load_data(task.data_dir)
             ^^^^^^^^^^^^^^^^^^^^^^^^^
  File "/Users/federicadomecq/gitrepos/golfOnPar/Parallelisation/hpc_runner.py", line 100, in _load_data
    "putts":   pd.read_csv(d / "gpr_green_dataset.csv"),
               ^^^^^^^^^^^^^^^^^^^^^^^^^^^^^^^^^^^^^^^^
  File "/opt/anaconda3/lib/python3.12/site-packages/pandas/io/parsers/readers.py", line 1026, in read_csv
    return _read(filepath_or_buffer, kwds)
           ^^^^^^^^^^^^^^^^^^^^^^^^^^^^^^^
  File "/opt/anaconda3/lib/python3.12/site-packages/pandas/io/parsers/readers.py", line 620, in _read
    parser = TextFileReader(filepath_or_buffer, **kwds)
             ^^^^^^^^^^^^^^^^^^^^^^^^^^^^^^^^^^^^^^^^^^
  File "/opt/anaconda3/lib/python3.12/site-packages/pandas/io/parsers/readers.py", line 1620, in __init__
    self._engine = self._make_engine(f, self.engine)
                   ^^^^^^^^^^^^^^^^^^^^^^^^^^^^^^^^^
  File "/opt/anaconda3/lib/python3.12/site-packages/pandas/io/parsers/readers.py", line 1880, in _make_engine
    self.handles = get_handle(
                   ^^^^^^^^^^^
  File "/opt/anaconda3/lib/python3.12/site-packages/pandas/io/common.py", line 873, in get_handle
    handle = open(
             ^^^^^
FileNotFoundError: [Errno 2] No such file or directory: '/data/gpr_green_dataset.csv'
