2026-03-26 07:30:33,874 INFO Worker started  job_id=optimization_d1.00_w230
2026-03-26 07:30:35,468 INFO Hole layout built.
2026-03-26 07:30:36,644 INFO Putt GPR trained.
2026-03-26 07:30:36,714 INFO OptimizationMechanism training complete.
2026-03-26 07:30:36,714 INFO Mechanism trained  type=optimization
2026-03-26 07:30:36,714 INFO Running simulation on 16 strategy points.
2026-03-26 07:30:36,714 INFO simulate_all: 0 / 16 points done
2026-03-26 07:30:36,944 INFO simulate_all: 1 / 16 points done
2026-03-26 07:30:37,131 INFO simulate_all: 2 / 16 points done
2026-03-26 07:30:37,293 INFO simulate_all: 3 / 16 points done
2026-03-26 07:30:37,464 INFO simulate_all: 4 / 16 points done
2026-03-26 07:30:37,728 INFO simulate_all: 5 / 16 points done
2026-03-26 07:30:38,034 INFO simulate_all: 6 / 16 points done
2026-03-26 07:30:38,416 INFO simulate_all: 7 / 16 points done
2026-03-26 07:30:38,985 INFO simulate_all: 8 / 16 points done
2026-03-26 07:30:39,600 INFO simulate_all: 9 / 16 points done
2026-03-26 07:30:40,098 INFO simulate_all: 10 / 16 points done
2026-03-26 07:30:40,929 INFO simulate_all: 11 / 16 points done
2026-03-26 07:30:41,500 INFO simulate_all: 12 / 16 points done
2026-03-26 07:30:42,251 INFO simulate_all: 13 / 16 points done
2026-03-26 07:30:42,961 INFO simulate_all: 14 / 16 points done
2026-03-26 07:30:43,610 INFO simulate_all: 15 / 16 points done
2026-03-26 07:30:44,212 INFO simulate_all complete: 16 / 16 points returned results.
2026-03-26 07:30:44,212 INFO Simulation complete: 16 results.
2026-03-26 07:30:44,570 INFO Saved plot → outputs/optimization_d1.00_w230_plot.png
2026-03-26 07:30:44,571 INFO Worker started  job_id=optimization_d1.20_w230
2026-03-26 07:30:44,584 INFO Hole layout built.
2026-03-26 07:30:44,656 INFO Putt GPR trained.
2026-03-26 07:30:44,717 INFO OptimizationMechanism training complete.
2026-03-26 07:30:44,717 INFO Mechanism trained  type=optimization
2026-03-26 07:30:44,717 INFO Running simulation on 16 strategy points.
2026-03-26 07:30:44,717 INFO simulate_all: 0 / 16 points done
2026-03-26 07:30:44,926 INFO simulate_all: 1 / 16 points done
2026-03-26 07:30:45,128 INFO simulate_all: 2 / 16 points done
2026-03-26 07:30:45,369 INFO simulate_all: 3 / 16 points done
2026-03-26 07:30:45,552 INFO simulate_all: 4 / 16 points done
2026-03-26 07:30:45,767 INFO simulate_all: 5 / 16 points done
2026-03-26 07:30:46,039 INFO simulate_all: 6 / 16 points done
2026-03-26 07:30:46,355 INFO simulate_all: 7 / 16 points done
2026-03-26 07:30:46,801 INFO simulate_all: 8 / 16 points done
2026-03-26 07:30:47,288 INFO simulate_all: 9 / 16 points done
2026-03-26 07:30:47,735 INFO simulate_all: 10 / 16 points done
2026-03-26 07:30:48,206 INFO simulate_all: 11 / 16 points done
2026-03-26 07:30:48,699 INFO simulate_all: 12 / 16 points done
2026-03-26 07:30:49,254 INFO simulate_all: 13 / 16 points done
2026-03-26 07:30:49,859 INFO simulate_all: 14 / 16 points done
2026-03-26 07:30:50,460 INFO simulate_all: 15 / 16 points done
2026-03-26 07:30:51,031 INFO simulate_all complete: 16 / 16 points returned results.
2026-03-26 07:30:51,031 INFO Simulation complete: 16 results.
2026-03-26 07:30:51,264 INFO Saved plot → outputs/optimization_d1.20_w230_plot.png
